<?xml version="1.0" encoding="UTF-8" ?>
<testsuite tests="11" failures="0" name="ci.training.WalletServiceTest" time="0.141" errors="0" skipped="0">
  <properties>
    <property name="java.runtime.name" value="Java(TM) SE Runtime Environment"/>
    <property name="sun.boot.library.path" value="C:\Program Files\Java\jdk1.8.0_74\jre\bin"/>
    <property name="java.vm.version" value="25.74-b02"/>
    <property name="java.vm.vendor" value="Oracle Corporation"/>
    <property name="java.vendor.url" value="http://java.oracle.com/"/>
    <property name="path.separator" value=";"/>
    <property name="java.vm.name" value="Java HotSpot(TM) 64-Bit Server VM"/>
    <property name="file.encoding.pkg" value="sun.io"/>
    <property name="user.script" value=""/>
    <property name="user.country" value="US"/>
    <property name="sun.java.launcher" value="SUN_STANDARD"/>
    <property name="sun.os.patch.level" value="Service Pack 1"/>
    <property name="java.vm.specification.name" value="Java Virtual Machine Specification"/>
    <property name="user.dir" value="D:\GIT\CI_Training\training"/>
    <property name="java.runtime.version" value="1.8.0_74-b02"/>
    <property name="java.awt.graphicsenv" value="sun.awt.Win32GraphicsEnvironment"/>
    <property name="basedir" value="D:\GIT\CI_Training\training"/>
    <property name="java.endorsed.dirs" value="C:\Program Files\Java\jdk1.8.0_74\jre\lib\endorsed"/>
    <property name="os.arch" value="amd64"/>
    <property name="surefire.real.class.path" value="D:\GIT\CI_Training\training\target\surefire\surefirebooter2172619138233090422.jar"/>
    <property name="java.io.tmpdir" value="C:\Users\imkazi\AppData\Local\Temp\"/>
    <property name="line.separator" value="
"/>
    <property name="java.vm.specification.vendor" value="Oracle Corporation"/>
    <property name="user.variant" value=""/>
    <property name="os.name" value="Windows 7"/>
    <property name="sun.jnu.encoding" value="Cp1252"/>
    <property name="java.library.path" value="C:\Program Files\Java\jdk1.8.0_74\jre\bin;C:\Windows\Sun\Java\bin;C:\Windows\system32;C:\Windows;C:/eclipse/jre/bin/client;C:/eclipse/jre/bin;C:/eclipse/jre/lib/i386;C:\ProgramData\Oracle\Java\javapath;C:\Windows\system32;C:\Windows;C:\Windows\System32\Wbem;C:\Windows\System32\WindowsPowerShell\v1.0\;C:\Program Files (x86)\QuickTime\QTSystem\;C:\Program Files\CapgeminiScripts\Support Tools\;C:\Program Files (x86)\Windows Kits\8.1\Windows Performance Toolkit\;C:\Program Files (x86)\Microsoft SDKs\TypeScript\1.0\;C:\Program Files (x86)\Git\cmd;C:\HashiCorp\Vagrant\bin;C:\eclipse;;."/>
    <property name="surefire.test.class.path" value="D:\GIT\CI_Training\training\target\test-classes;D:\GIT\CI_Training\training\target\classes;C:\Users\imkazi\.m2\repository\junit\junit\4.12\junit-4.12.jar;C:\Users\imkazi\.m2\repository\org\hamcrest\hamcrest-core\1.3\hamcrest-core-1.3.jar;C:\Users\imkazi\.m2\repository\org\mockito\mockito-all\1.9.5\mockito-all-1.9.5.jar;"/>
    <property name="java.specification.name" value="Java Platform API Specification"/>
    <property name="java.class.version" value="52.0"/>
    <property name="sun.management.compiler" value="HotSpot 64-Bit Tiered Compilers"/>
    <property name="os.version" value="6.1"/>
    <property name="user.home" value="C:\Users\imkazi"/>
    <property name="user.timezone" value=""/>
    <property name="java.awt.printerjob" value="sun.awt.windows.WPrinterJob"/>
    <property name="java.specification.version" value="1.8"/>
    <property name="file.encoding" value="Cp1252"/>
    <property name="user.name" value="imkazi"/>
    <property name="java.class.path" value="D:\GIT\CI_Training\training\target\test-classes;D:\GIT\CI_Training\training\target\classes;C:\Users\imkazi\.m2\repository\junit\junit\4.12\junit-4.12.jar;C:\Users\imkazi\.m2\repository\org\hamcrest\hamcrest-core\1.3\hamcrest-core-1.3.jar;C:\Users\imkazi\.m2\repository\org\mockito\mockito-all\1.9.5\mockito-all-1.9.5.jar;"/>
    <property name="java.vm.specification.version" value="1.8"/>
    <property name="sun.arch.data.model" value="64"/>
    <property name="java.home" value="C:\Program Files\Java\jdk1.8.0_74\jre"/>
    <property name="sun.java.command" value="D:\GIT\CI_Training\training\target\surefire\surefirebooter2172619138233090422.jar D:\GIT\CI_Training\training\target\surefire\surefire4596042253201000165tmp D:\GIT\CI_Training\training\target\surefire\surefire8325230276781548041tmp"/>
    <property name="java.specification.vendor" value="Oracle Corporation"/>
    <property name="user.language" value="en"/>
    <property name="awt.toolkit" value="sun.awt.windows.WToolkit"/>
    <property name="java.vm.info" value="mixed mode"/>
    <property name="java.version" value="1.8.0_74"/>
    <property name="java.ext.dirs" value="C:\Program Files\Java\jdk1.8.0_74\jre\lib\ext;C:\Windows\Sun\Java\lib\ext"/>
    <property name="sun.boot.class.path" value="C:\Program Files\Java\jdk1.8.0_74\jre\lib\resources.jar;C:\Program Files\Java\jdk1.8.0_74\jre\lib\rt.jar;C:\Program Files\Java\jdk1.8.0_74\jre\lib\sunrsasign.jar;C:\Program Files\Java\jdk1.8.0_74\jre\lib\jsse.jar;C:\Program Files\Java\jdk1.8.0_74\jre\lib\jce.jar;C:\Program Files\Java\jdk1.8.0_74\jre\lib\charsets.jar;C:\Program Files\Java\jdk1.8.0_74\jre\lib\jfr.jar;C:\Program Files\Java\jdk1.8.0_74\jre\classes"/>
    <property name="java.vendor" value="Oracle Corporation"/>
    <property name="localRepository" value="C:\Users\imkazi\.m2\repository"/>
    <property name="file.separator" value="\"/>
    <property name="java.vendor.url.bug" value="http://bugreport.sun.com/bugreport/"/>
    <property name="sun.cpu.endian" value="little"/>
    <property name="sun.io.unicode.encoding" value="UnicodeLittle"/>
    <property name="sun.desktop" value="windows"/>
    <property name="sun.cpu.isalist" value="amd64"/>
  </properties>
  <testcase classname="ci.training.WalletServiceTest" name="test_showBalance_returnsNullForInvalidAccount" time="0.078"/>
  <testcase classname="ci.training.WalletServiceTest" name="test_deposit_returnsNullForInvalidAccount" time="0"/>
  <testcase classname="ci.training.WalletServiceTest" name="test_deposit_amountShouldNotBeLessThanZero" time="0"/>
  <testcase classname="ci.training.WalletServiceTest" name="test_deposit_success" time="0"/>
  <testcase classname="ci.training.WalletServiceTest" name="test_showBalance_throwsExceptionForIllegalArguments" time="0"/>
  <testcase classname="ci.training.WalletServiceTest" name="test_showBalance_success" time="0.016"/>
  <testcase classname="ci.training.WalletServiceTest" name="test_createWallet_success" time="0"/>
  <testcase classname="ci.training.WalletServiceTest" name="test_withdraw_returnsNullForInvalidAccount" time="0"/>
  <testcase classname="ci.training.WalletServiceTest" name="test_withdraw_insufficientBalance" time="0"/>
  <testcase classname="ci.training.WalletServiceTest" name="test_withdraw_success" time="0"/>
  <testcase classname="ci.training.WalletServiceTest" name="test_createWallet_throwsExceptionForIlllegalArguments" time="0"/>
</testsuite>